# JRE version: OpenJDK Runtime Environment Temurin-21.0.9+10 (21.0.9+10) (build 21.0.9+10-LTS)
# Java VM: OpenJDK 64-Bit Server VM Temurin-21.0.9+10 (21.0.9+10-LTS, mixed mode, sharing, tiered, compressed oops, compressed class ptrs, parallel gc, windows-amd64)
GC Precious Log:
 CardTable entry size: 512
 CPUs: 4 total, 4 available
 Memory: 8068M
 Large Page Support: Disabled
 NUMA Support: Disabled
 Compressed Oops: Enabled (32-bit)
 Alignments: Space 512K, Generation 512K, Heap 2M
 Heap Min Capacity: 100M
 Heap Initial Capacity: 100M
 Heap Max Capacity: 2G
 Pre-touch: Disabled
 Parallel Workers: 4
Heap:
 PSYoungGen      total 18432K, used 4187K [0x00000000d5580000, 0x00000000d6900000, 0x0000000100000000)
  eden space 16896K, 16% used [0x00000000d5580000,0x00000000d584d510,0x00000000d6600000)
  from space 1536K, 85% used [0x00000000d6600000,0x00000000d67498c8,0x00000000d6780000)
  to   space 1536K, 0% used [0x00000000d6780000,0x00000000d6780000,0x00000000d6900000)
 ParOldGen       total 68608K, used 45393K [0x0000000080000000, 0x0000000084300000, 0x00000000d5580000)
  object space 68608K, 66% used [0x0000000080000000,0x0000000082c54640,0x0000000084300000)
 Metaspace       used 61774K, committed 63168K, reserved 1114112K
  class space    used 6602K, committed 7232K, reserved 1048576K
GC Heap History (20 events):
Event: 40.133 GC heap before
{Heap before GC invocations=43 (full 2):
 PSYoungGen      total 17920K, used 17905K [0x00000000d5580000, 0x00000000d6a00000, 0x0000000100000000)
  eden space 16896K, 100% used [0x00000000d5580000,0x00000000d6600000,0x00000000d6600000)
  from space 1024K, 98% used [0x00000000d6800000,0x00000000d68fc788,0x00000000d6900000)
  to   space 2048K, 0% used [0x00000000d6600000,0x00000000d6600000,0x00000000d6800000)
 ParOldGen       total 68608K, used 50326K [0x0000000080000000, 0x0000000084300000, 0x00000000d5580000)
  object space 68608K, 73% used [0x0000000080000000,0x0000000083125b30,0x0000000084300000)
 Metaspace       used 58275K, committed 59648K, reserved 1114112K
  class space    used 6282K, committed 6848K, reserved 1048576K
}
Event: 40.136 GC heap after
{Heap after GC invocations=43 (full 2):
 PSYoungGen      total 17920K, used 736K [0x00000000d5580000, 0x00000000d6880000, 0x0000000100000000)
  eden space 16896K, 0% used [0x00000000d5580000,0x00000000d5580000,0x00000000d6600000)
  from space 1024K, 71% used [0x00000000d6600000,0x00000000d66b8000,0x00000000d6700000)
  to   space 1024K, 0% used [0x00000000d6780000,0x00000000d6780000,0x00000000d6880000)
 ParOldGen       total 68608K, used 51163K [0x0000000080000000, 0x0000000084300000, 0x00000000d5580000)
  object space 68608K, 74% used [0x0000000080000000,0x00000000831f6d30,0x0000000084300000)
 Metaspace       used 58275K, committed 59648K, reserved 1114112K
  class space    used 6282K, committed 6848K, reserved 1048576K
}
Event: 40.273 GC heap before
{Heap before GC invocations=44 (full 2):
 PSYoungGen      total 17920K, used 17632K [0x00000000d5580000, 0x00000000d6880000, 0x0000000100000000)
  eden space 16896K, 100% used [0x00000000d5580000,0x00000000d6600000,0x00000000d6600000)
  from space 1024K, 71% used [0x00000000d6600000,0x00000000d66b8000,0x00000000d6700000)
  to   space 1024K, 0% used [0x00000000d6780000,0x00000000d6780000,0x00000000d6880000)
 ParOldGen       total 68608K, used 51163K [0x0000000080000000, 0x0000000084300000, 0x00000000d5580000)
  object space 68608K, 74% used [0x0000000080000000,0x00000000831f6d30,0x0000000084300000)
 Metaspace       used 58330K, committed 59648K, reserved 1114112K
  class space    used 6282K, committed 6848K, reserved 1048576K
}
Event: 40.278 GC heap after
{Heap after GC invocations=44 (full 2):
 PSYoungGen      total 17920K, used 559K [0x00000000d5580000, 0x00000000d6880000, 0x0000000100000000)
  eden space 16896K, 0% used [0x00000000d5580000,0x00000000d5580000,0x00000000d6600000)
  from space 1024K, 54% used [0x00000000d6780000,0x00000000d680bd70,0x00000000d6880000)
  to   space 1024K, 0% used [0x00000000d6600000,0x00000000d6600000,0x00000000d6700000)
 ParOldGen       total 68608K, used 51833K [0x0000000080000000, 0x0000000084300000, 0x00000000d5580000)
  object space 68608K, 75% used [0x0000000080000000,0x000000008329e5e8,0x0000000084300000)
 Metaspace       used 58330K, committed 59648K, reserved 1114112K
  class space    used 6282K, committed 6848K, reserved 1048576K
}
Event: 40.296 GC heap before
{Heap before GC invocations=45 (full 2):
 PSYoungGen      total 17920K, used 17455K [0x00000000d5580000, 0x00000000d6880000, 0x0000000100000000)
  eden space 16896K, 100% used [0x00000000d5580000,0x00000000d6600000,0x00000000d6600000)
  from space 1024K, 54% used [0x00000000d6780000,0x00000000d680bd70,0x00000000d6880000)
  to   space 1024K, 0% used [0x00000000d6600000,0x00000000d6600000,0x00000000d6700000)
 ParOldGen       total 68608K, used 51833K [0x0000000080000000, 0x0000000084300000, 0x00000000d5580000)
  object space 68608K, 75% used [0x0000000080000000,0x000000008329e5e8,0x0000000084300000)
 Metaspace       used 58332K, committed 59648K, reserved 1114112K
  class space    used 6282K, committed 6848K, reserved 1048576K
}
Event: 40.298 GC heap after
{Heap after GC invocations=45 (full 2):
 PSYoungGen      total 17920K, used 224K [0x00000000d5580000, 0x00000000d6800000, 0x0000000100000000)
  eden space 16896K, 0% used [0x00000000d5580000,0x00000000d5580000,0x00000000d6600000)
  from space 1024K, 21% used [0x00000000d6600000,0x00000000d6638000,0x00000000d6700000)
  to   space 512K, 0% used [0x00000000d6780000,0x00000000d6780000,0x00000000d6800000)
 ParOldGen       total 68608K, used 52139K [0x0000000080000000, 0x0000000084300000, 0x00000000d5580000)
  object space 68608K, 75% used [0x0000000080000000,0x00000000832eac50,0x0000000084300000)
 Metaspace       used 58332K, committed 59648K, reserved 1114112K
  class space    used 6282K, committed 6848K, reserved 1048576K
}
Event: 40.398 GC heap before
{Heap before GC invocations=46 (full 2):
 PSYoungGen      total 17920K, used 17120K [0x00000000d5580000, 0x00000000d6800000, 0x0000000100000000)
  eden space 16896K, 100% used [0x00000000d5580000,0x00000000d6600000,0x00000000d6600000)
  from space 1024K, 21% used [0x00000000d6600000,0x00000000d6638000,0x00000000d6700000)
  to   space 512K, 0% used [0x00000000d6780000,0x00000000d6780000,0x00000000d6800000)
 ParOldGen       total 68608K, used 52141K [0x0000000080000000, 0x0000000084300000, 0x00000000d5580000)
  object space 68608K, 75% used [0x0000000080000000,0x00000000832eb590,0x0000000084300000)
 Metaspace       used 58404K, committed 59776K, reserved 1114112K
  class space    used 6293K, committed 6912K, reserved 1048576K
}
Event: 40.400 GC heap after
{Heap after GC invocations=46 (full 2):
 PSYoungGen      total 17408K, used 505K [0x00000000d5580000, 0x00000000d6800000, 0x0000000100000000)
  eden space 16896K, 0% used [0x00000000d5580000,0x00000000d5580000,0x00000000d6600000)
  from space 512K, 98% used [0x00000000d6780000,0x00000000d67fe728,0x00000000d6800000)
  to   space 1024K, 0% used [0x00000000d6600000,0x00000000d6600000,0x00000000d6700000)
 ParOldGen       total 68608K, used 52245K [0x0000000080000000, 0x0000000084300000, 0x00000000d5580000)
  object space 68608K, 76% used [0x0000000080000000,0x0000000083305590,0x0000000084300000)
 Metaspace       used 58404K, committed 59776K, reserved 1114112K
  class space    used 6293K, committed 6912K, reserved 1048576K
}
Event: 40.454 GC heap before
{Heap before GC invocations=47 (full 2):
 PSYoungGen      total 17408K, used 17401K [0x00000000d5580000, 0x00000000d6800000, 0x0000000100000000)
  eden space 16896K, 100% used [0x00000000d5580000,0x00000000d6600000,0x00000000d6600000)
  from space 512K, 98% used [0x00000000d6780000,0x00000000d67fe728,0x00000000d6800000)
  to   space 1024K, 0% used [0x00000000d6600000,0x00000000d6600000,0x00000000d6700000)
 ParOldGen       total 68608K, used 52245K [0x0000000080000000, 0x0000000084300000, 0x00000000d5580000)
  object space 68608K, 76% used [0x0000000080000000,0x0000000083305590,0x0000000084300000)
 Metaspace       used 58446K, committed 59776K, reserved 1114112K
  class space    used 6299K, committed 6912K, reserved 1048576K
}
Event: 40.458 GC heap after
{Heap after GC invocations=47 (full 2):
 PSYoungGen      total 17920K, used 307K [0x00000000d5580000, 0x00000000d6800000, 0x0000000100000000)
  eden space 16896K, 0% used [0x00000000d5580000,0x00000000d5580000,0x00000000d6600000)
  from space 1024K, 30% used [0x00000000d6600000,0x00000000d664ce28,0x00000000d6700000)
  to   space 512K, 0% used [0x00000000d6780000,0x00000000d6780000,0x00000000d6800000)
 ParOldGen       total 68608K, used 52588K [0x0000000080000000, 0x0000000084300000, 0x00000000d5580000)
  object space 68608K, 76% used [0x0000000080000000,0x000000008335b128,0x0000000084300000)
 Metaspace       used 58446K, committed 59776K, reserved 1114112K
  class space    used 6299K, committed 6912K, reserved 1048576K
}
Event: 40.477 GC heap before
{Heap before GC invocations=48 (full 2):
 PSYoungGen      total 17920K, used 9792K [0x00000000d5580000, 0x00000000d6800000, 0x0000000100000000)
  eden space 16896K, 56% used [0x00000000d5580000,0x00000000d5ec31f8,0x00000000d6600000)
  from space 1024K, 30% used [0x00000000d6600000,0x00000000d664ce28,0x00000000d6700000)
  to   space 512K, 0% used [0x00000000d6780000,0x00000000d6780000,0x00000000d6800000)
 ParOldGen       total 68608K, used 52588K [0x0000000080000000, 0x0000000084300000, 0x00000000d5580000)
  object space 68608K, 76% used [0x0000000080000000,0x000000008335b128,0x0000000084300000)
 Metaspace       used 58448K, committed 59776K, reserved 1114112K
  class space    used 6299K, committed 6912K, reserved 1048576K
}
Event: 40.478 GC heap after
{Heap after GC invocations=48 (full 2):
 PSYoungGen      total 17408K, used 192K [0x00000000d5580000, 0x00000000d6800000, 0x0000000100000000)
  eden space 16896K, 0% used [0x00000000d5580000,0x00000000d5580000,0x00000000d6600000)
  from space 512K, 37% used [0x00000000d6780000,0x00000000d67b0000,0x00000000d6800000)
  to   space 512K, 0% used [0x00000000d6700000,0x00000000d6700000,0x00000000d6780000)
 ParOldGen       total 68608K, used 52744K [0x0000000080000000, 0x0000000084300000, 0x00000000d5580000)
  object space 68608K, 76% used [0x0000000080000000,0x0000000083382070,0x0000000084300000)
 Metaspace       used 58448K, committed 59776K, reserved 1114112K
  class space    used 6299K, committed 6912K, reserved 1048576K
}
Event: 40.478 GC heap before
{Heap before GC invocations=49 (full 3):
 PSYoungGen      total 17408K, used 192K [0x00000000d5580000, 0x00000000d6800000, 0x0000000100000000)
  eden space 16896K, 0% used [0x00000000d5580000,0x00000000d5580000,0x00000000d6600000)
  from space 512K, 37% used [0x00000000d6780000,0x00000000d67b0000,0x00000000d6800000)
  to   space 512K, 0% used [0x00000000d6700000,0x00000000d6700000,0x00000000d6780000)
 ParOldGen       total 68608K, used 52744K [0x0000000080000000, 0x0000000084300000, 0x00000000d5580000)
  object space 68608K, 76% used [0x0000000080000000,0x0000000083382070,0x0000000084300000)
 Metaspace       used 58448K, committed 59776K, reserved 1114112K
  class space    used 6299K, committed 6912K, reserved 1048576K
}
Event: 40.654 GC heap after
{Heap after GC invocations=49 (full 3):
 PSYoungGen      total 17408K, used 0K [0x00000000d5580000, 0x00000000d6800000, 0x0000000100000000)
  eden space 16896K, 0% used [0x00000000d5580000,0x00000000d5580000,0x00000000d6600000)
  from space 512K, 0% used [0x00000000d6780000,0x00000000d6780000,0x00000000d6800000)
  to   space 512K, 0% used [0x00000000d6700000,0x00000000d6700000,0x00000000d6780000)
 ParOldGen       total 68608K, used 44479K [0x0000000080000000, 0x0000000084300000, 0x00000000d5580000)
  object space 68608K, 64% used [0x0000000080000000,0x0000000082b6ffb8,0x0000000084300000)
 Metaspace       used 58448K, committed 59776K, reserved 1114112K
  class space    used 6299K, committed 6912K, reserved 1048576K
}
Event: 40.702 GC heap before
{Heap before GC invocations=50 (full 3):
 PSYoungGen      total 17408K, used 16896K [0x00000000d5580000, 0x00000000d6800000, 0x0000000100000000)
  eden space 16896K, 100% used [0x00000000d5580000,0x00000000d6600000,0x00000000d6600000)
  from space 512K, 0% used [0x00000000d6780000,0x00000000d6780000,0x00000000d6800000)
  to   space 512K, 0% used [0x00000000d6700000,0x00000000d6700000,0x00000000d6780000)
 ParOldGen       total 68608K, used 44479K [0x0000000080000000, 0x0000000084300000, 0x00000000d5580000)
  object space 68608K, 64% used [0x0000000080000000,0x0000000082b6ffb8,0x0000000084300000)
 Metaspace       used 58509K, committed 59840K, reserved 1114112K
  class space    used 6310K, committed 6912K, reserved 1048576K
}
Event: 40.705 GC heap after
{Heap after GC invocations=50 (full 3):
 PSYoungGen      total 17408K, used 418K [0x00000000d5580000, 0x00000000d6800000, 0x0000000100000000)
  eden space 16896K, 0% used [0x00000000d5580000,0x00000000d5580000,0x00000000d6600000)
  from space 512K, 81% used [0x00000000d6700000,0x00000000d6768b48,0x00000000d6780000)
  to   space 512K, 0% used [0x00000000d6780000,0x00000000d6780000,0x00000000d6800000)
 ParOldGen       total 68608K, used 44487K [0x0000000080000000, 0x0000000084300000, 0x00000000d5580000)
  object space 68608K, 64% used [0x0000000080000000,0x0000000082b71fb8,0x0000000084300000)
 Metaspace       used 58509K, committed 59840K, reserved 1114112K
  class space    used 6310K, committed 6912K, reserved 1048576K
}
Event: 41.138 GC heap before
{Heap before GC invocations=51 (full 3):
 PSYoungGen      total 17408K, used 17312K [0x00000000d5580000, 0x00000000d6800000, 0x0000000100000000)
  eden space 16896K, 99% used [0x00000000d5580000,0x00000000d65ff570,0x00000000d6600000)
  from space 512K, 81% used [0x00000000d6700000,0x00000000d6768b48,0x00000000d6780000)
  to   space 512K, 0% used [0x00000000d6780000,0x00000000d6780000,0x00000000d6800000)
 ParOldGen       total 68608K, used 44487K [0x0000000080000000, 0x0000000084300000, 0x00000000d5580000)
  object space 68608K, 64% used [0x0000000080000000,0x0000000082b71fb8,0x0000000084300000)
 Metaspace       used 59610K, committed 60992K, reserved 1114112K
  class space    used 6426K, committed 7040K, reserved 1048576K
}
Event: 41.144 GC heap after
{Heap after GC invocations=51 (full 3):
 PSYoungGen      total 17408K, used 496K [0x00000000d5580000, 0x00000000d6900000, 0x0000000100000000)
  eden space 16896K, 0% used [0x00000000d5580000,0x00000000d5580000,0x00000000d6600000)
  from space 512K, 96% used [0x00000000d6780000,0x00000000d67fc010,0x00000000d6800000)
  to   space 1536K, 0% used [0x00000000d6600000,0x00000000d6600000,0x00000000d6780000)
 ParOldGen       total 68608K, used 44971K [0x0000000080000000, 0x0000000084300000, 0x00000000d5580000)
  object space 68608K, 65% used [0x0000000080000000,0x0000000082beafc0,0x0000000084300000)
 Metaspace       used 59610K, committed 60992K, reserved 1114112K
  class space    used 6426K, committed 7040K, reserved 1048576K
}
Event: 42.214 GC heap before
{Heap before GC invocations=52 (full 3):
 PSYoungGen      total 17408K, used 17392K [0x00000000d5580000, 0x00000000d6900000, 0x0000000100000000)
  eden space 16896K, 100% used [0x00000000d5580000,0x00000000d6600000,0x00000000d6600000)
  from space 512K, 96% used [0x00000000d6780000,0x00000000d67fc010,0x00000000d6800000)
  to   space 1536K, 0% used [0x00000000d6600000,0x00000000d6600000,0x00000000d6780000)
 ParOldGen       total 68608K, used 44971K [0x0000000080000000, 0x0000000084300000, 0x00000000d5580000)
  object space 68608K, 65% used [0x0000000080000000,0x0000000082beafc0,0x0000000084300000)
 Metaspace       used 61467K, committed 62848K, reserved 1114112K
  class space    used 6574K, committed 7168K, reserved 1048576K
}
Event: 42.219 GC heap after
{Heap after GC invocations=52 (full 3):
 PSYoungGen      total 18432K, used 1318K [0x00000000d5580000, 0x00000000d6900000, 0x0000000100000000)
  eden space 16896K, 0% used [0x00000000d5580000,0x00000000d5580000,0x00000000d6600000)
  from space 1536K, 85% used [0x00000000d6600000,0x00000000d67498c8,0x00000000d6780000)
  to   space 1536K, 0% used [0x00000000d6780000,0x00000000d6780000,0x00000000d6900000)
 ParOldGen       total 68608K, used 45393K [0x0000000080000000, 0x0000000084300000, 0x00000000d5580000)
  object space 68608K, 66% used [0x0000000080000000,0x0000000082c54640,0x0000000084300000)
 Metaspace       used 61467K, committed 62848K, reserved 1114112K
  class space    used 6574K, committed 7168K, reserved 1048576K
}

