# JRE version: Java(TM) SE Runtime Environment (25.0+37) (build 25+37-LTS-3491)
# Java VM: Java HotSpot(TM) 64-Bit Server VM (25+37-LTS-3491, mixed mode, emulated-client, sharing, tiered, compressed oops, compressed class ptrs, g1 gc, windows-amd64)
GC Precious Log:
 CardTable entry size: 512
 Card Set container configuration: InlinePtr #cards 5 size 8 Array Of Cards #cards 10 size 36 Howl #buckets 4 coarsen threshold 1843 Howl Bitmap #cards 512 size 80 coarsen threshold 460 Card regions per heap region 1 cards per card region 2048
 CPUs: 4 total, 4 available
 Memory: 8068M
 Large Page Support: Disabled
 NUMA Support: Disabled
 Compressed Oops: Enabled (32-bit)
 Heap Region Size: 1M
 Heap Min Capacity: 8M
 Heap Initial Capacity: 128M
 Heap Max Capacity: 2018M
 Pre-touch: Disabled
 Parallel Workers: 4
 Concurrent Workers: 1
 Concurrent Refinement Workers: 4
 Periodic GC: Disabled
Heap:
 garbage-first heap   total reserved 2066432K, committed 58368K, used 34020K [0x0000000081e00000, 0x0000000100000000)
  region size 1024K, 22 young (22528K), 5 survivors (5120K)
GC Heap Usage History (8 events):
Event: 1.975 {heap Before GC invocations=0 (full 0):
 garbage-first heap   total reserved 2066432K, committed 133120K, used 30869K [0x0000000081e00000, 0x0000000100000000)
  region size 1024K, 28 young (28672K), 0 survivors (0K)
}
Event: 1.988 {heap After GC invocations=1 (full 0):
 garbage-first heap   total reserved 2066432K, committed 133120K, used 9567K [0x0000000081e00000, 0x0000000100000000)
  region size 1024K, 4 young (4096K), 4 survivors (4096K)
}
Event: 3.739 {heap Before GC invocations=1 (full 0):
 garbage-first heap   total reserved 2066432K, committed 133120K, used 58719K [0x0000000081e00000, 0x0000000100000000)
  region size 1024K, 53 young (54272K), 4 survivors (4096K)
}
Event: 3.753 {heap After GC invocations=2 (full 0):
 garbage-first heap   total reserved 2066432K, committed 133120K, used 13307K [0x0000000081e00000, 0x0000000100000000)
  region size 1024K, 4 young (4096K), 4 survivors (4096K)
}
Event: 4.968 {heap Before GC invocations=2 (full 0):
 garbage-first heap   total reserved 2066432K, committed 133120K, used 41979K [0x0000000081e00000, 0x0000000100000000)
  region size 1024K, 33 young (33792K), 4 survivors (4096K)
}
Event: 4.980 {heap After GC invocations=3 (full 0):
 garbage-first heap   total reserved 2066432K, committed 133120K, used 15314K [0x0000000081e00000, 0x0000000100000000)
  region size 1024K, 6 young (6144K), 6 survivors (6144K)
}
Event: 5.992 {heap Before GC invocations=4 (full 0):
 garbage-first heap   total reserved 2066432K, committed 58368K, used 43986K [0x0000000081e00000, 0x0000000100000000)
  region size 1024K, 34 young (34816K), 6 survivors (6144K)
}
Event: 6.009 {heap After GC invocations=5 (full 0):
 garbage-first heap   total reserved 2066432K, committed 58368K, used 17636K [0x0000000081e00000, 0x0000000100000000)
  region size 1024K, 5 young (5120K), 5 survivors (5120K)
}

